[2022-06-16 14:44:35Z INFO HostContext] No proxy settings were found based on environmental variables (http_proxy/https_proxy/HTTP_PROXY/HTTPS_PROXY)
[2022-06-16 14:44:35Z INFO HostContext] Well known directory 'Bin': '/Users/gauth/Library/Mobile Documents/com~apple~CloudDocs/Administratif/Professionnel/HashiCorp/Technologies/1. Products/Vault/Demos/Github_Actions/vault-guides/ecosystem/vault-github-action/Actions/actions-runner/bin'
[2022-06-16 14:44:35Z INFO HostContext] Well known directory 'Root': '/Users/gauth/Library/Mobile Documents/com~apple~CloudDocs/Administratif/Professionnel/HashiCorp/Technologies/1. Products/Vault/Demos/Github_Actions/vault-guides/ecosystem/vault-github-action/Actions/actions-runner'
[2022-06-16 14:44:35Z INFO HostContext] Well known config file 'Credentials': '/Users/gauth/Library/Mobile Documents/com~apple~CloudDocs/Administratif/Professionnel/HashiCorp/Technologies/1. Products/Vault/Demos/Github_Actions/vault-guides/ecosystem/vault-github-action/Actions/actions-runner/.credentials'
[2022-06-16 14:44:35Z INFO HostContext] Well known directory 'Bin': '/Users/gauth/Library/Mobile Documents/com~apple~CloudDocs/Administratif/Professionnel/HashiCorp/Technologies/1. Products/Vault/Demos/Github_Actions/vault-guides/ecosystem/vault-github-action/Actions/actions-runner/bin'
[2022-06-16 14:44:35Z INFO HostContext] Well known directory 'Root': '/Users/gauth/Library/Mobile Documents/com~apple~CloudDocs/Administratif/Professionnel/HashiCorp/Technologies/1. Products/Vault/Demos/Github_Actions/vault-guides/ecosystem/vault-github-action/Actions/actions-runner'
[2022-06-16 14:44:35Z INFO HostContext] Well known config file 'Runner': '/Users/gauth/Library/Mobile Documents/com~apple~CloudDocs/Administratif/Professionnel/HashiCorp/Technologies/1. Products/Vault/Demos/Github_Actions/vault-guides/ecosystem/vault-github-action/Actions/actions-runner/.runner'
[2022-06-16 14:44:35Z INFO Listener] Runner is built for OSX (X64) - osx-x64.
[2022-06-16 14:44:35Z INFO Listener] RuntimeInformation: Darwin 20.3.0 Darwin Kernel Version 20.3.0: Thu Jan 21 00:07:06 PST 2021; root:xnu-7195.81.3~1/RELEASE_X86_64.
[2022-06-16 14:44:36Z INFO Listener] Version: 2.293.0
[2022-06-16 14:44:36Z INFO Listener] Commit: 7785d8e1045339fbc88b92c9b506d35ed2b7523c
[2022-06-16 14:44:36Z INFO Listener] Culture: fr-FR
[2022-06-16 14:44:36Z INFO Listener] UI Culture: fr-FR
[2022-06-16 14:44:36Z INFO HostContext] Well known directory 'Bin': '/Users/gauth/Library/Mobile Documents/com~apple~CloudDocs/Administratif/Professionnel/HashiCorp/Technologies/1. Products/Vault/Demos/Github_Actions/vault-guides/ecosystem/vault-github-action/Actions/actions-runner/bin'
[2022-06-16 14:44:36Z INFO HostContext] Well known directory 'Root': '/Users/gauth/Library/Mobile Documents/com~apple~CloudDocs/Administratif/Professionnel/HashiCorp/Technologies/1. Products/Vault/Demos/Github_Actions/vault-guides/ecosystem/vault-github-action/Actions/actions-runner'
[2022-06-16 14:44:36Z INFO Listener] Validating directory permissions for: '/Users/gauth/Library/Mobile Documents/com~apple~CloudDocs/Administratif/Professionnel/HashiCorp/Technologies/1. Products/Vault/Demos/Github_Actions/vault-guides/ecosystem/vault-github-action/Actions/actions-runner'
[2022-06-16 14:44:36Z INFO CommandLineParser] Parse
[2022-06-16 14:44:36Z INFO CommandLineParser] Parsing 5 args
[2022-06-16 14:44:36Z INFO CommandLineParser] parsing argument
[2022-06-16 14:44:36Z INFO CommandLineParser] HasArgs: False
[2022-06-16 14:44:36Z INFO CommandLineParser] Adding Command: configure
[2022-06-16 14:44:36Z INFO CommandLineParser] parsing argument
[2022-06-16 14:44:36Z INFO CommandLineParser] HasArgs: True
[2022-06-16 14:44:36Z INFO CommandLineParser] arg: url
[2022-06-16 14:44:36Z INFO CommandLineParser] parsing argument
[2022-06-16 14:44:36Z INFO CommandLineParser] HasArgs: True
[2022-06-16 14:44:36Z INFO CommandLineParser] Adding option 'url': 'https://github.com/skulblaka24/vault-demo-githubactions'
[2022-06-16 14:44:36Z INFO CommandLineParser] parsing argument
[2022-06-16 14:44:36Z INFO CommandLineParser] HasArgs: True
[2022-06-16 14:44:36Z INFO CommandLineParser] arg: token
[2022-06-16 14:44:36Z INFO CommandLineParser] parsing argument
[2022-06-16 14:44:36Z INFO CommandLineParser] HasArgs: True
[2022-06-16 14:44:36Z INFO CommandLineParser] Adding option 'token': '***'
[2022-06-16 14:44:36Z INFO Listener] Arguments parsed
[2022-06-16 14:44:36Z INFO Runner] ExecuteCommand
[2022-06-16 14:44:36Z INFO ConfigurationStore] currentAssemblyLocation: /Users/gauth/Library/Mobile Documents/com~apple~CloudDocs/Administratif/Professionnel/HashiCorp/Technologies/1. Products/Vault/Demos/Github_Actions/vault-guides/ecosystem/vault-github-action/Actions/actions-runner/bin/Runner.Listener.dll
[2022-06-16 14:44:36Z INFO HostContext] Well known directory 'Bin': '/Users/gauth/Library/Mobile Documents/com~apple~CloudDocs/Administratif/Professionnel/HashiCorp/Technologies/1. Products/Vault/Demos/Github_Actions/vault-guides/ecosystem/vault-github-action/Actions/actions-runner/bin'
[2022-06-16 14:44:36Z INFO ConfigurationStore] binPath: /Users/gauth/Library/Mobile Documents/com~apple~CloudDocs/Administratif/Professionnel/HashiCorp/Technologies/1. Products/Vault/Demos/Github_Actions/vault-guides/ecosystem/vault-github-action/Actions/actions-runner/bin
[2022-06-16 14:44:36Z INFO HostContext] Well known directory 'Bin': '/Users/gauth/Library/Mobile Documents/com~apple~CloudDocs/Administratif/Professionnel/HashiCorp/Technologies/1. Products/Vault/Demos/Github_Actions/vault-guides/ecosystem/vault-github-action/Actions/actions-runner/bin'
[2022-06-16 14:44:36Z INFO HostContext] Well known directory 'Root': '/Users/gauth/Library/Mobile Documents/com~apple~CloudDocs/Administratif/Professionnel/HashiCorp/Technologies/1. Products/Vault/Demos/Github_Actions/vault-guides/ecosystem/vault-github-action/Actions/actions-runner'
[2022-06-16 14:44:36Z INFO ConfigurationStore] RootFolder: /Users/gauth/Library/Mobile Documents/com~apple~CloudDocs/Administratif/Professionnel/HashiCorp/Technologies/1. Products/Vault/Demos/Github_Actions/vault-guides/ecosystem/vault-github-action/Actions/actions-runner
[2022-06-16 14:44:36Z INFO HostContext] Well known directory 'Bin': '/Users/gauth/Library/Mobile Documents/com~apple~CloudDocs/Administratif/Professionnel/HashiCorp/Technologies/1. Products/Vault/Demos/Github_Actions/vault-guides/ecosystem/vault-github-action/Actions/actions-runner/bin'
[2022-06-16 14:44:36Z INFO HostContext] Well known directory 'Root': '/Users/gauth/Library/Mobile Documents/com~apple~CloudDocs/Administratif/Professionnel/HashiCorp/Technologies/1. Products/Vault/Demos/Github_Actions/vault-guides/ecosystem/vault-github-action/Actions/actions-runner'
[2022-06-16 14:44:36Z INFO HostContext] Well known config file 'Runner': '/Users/gauth/Library/Mobile Documents/com~apple~CloudDocs/Administratif/Professionnel/HashiCorp/Technologies/1. Products/Vault/Demos/Github_Actions/vault-guides/ecosystem/vault-github-action/Actions/actions-runner/.runner'
[2022-06-16 14:44:36Z INFO ConfigurationStore] ConfigFilePath: /Users/gauth/Library/Mobile Documents/com~apple~CloudDocs/Administratif/Professionnel/HashiCorp/Technologies/1. Products/Vault/Demos/Github_Actions/vault-guides/ecosystem/vault-github-action/Actions/actions-runner/.runner
[2022-06-16 14:44:36Z INFO HostContext] Well known directory 'Bin': '/Users/gauth/Library/Mobile Documents/com~apple~CloudDocs/Administratif/Professionnel/HashiCorp/Technologies/1. Products/Vault/Demos/Github_Actions/vault-guides/ecosystem/vault-github-action/Actions/actions-runner/bin'
[2022-06-16 14:44:36Z INFO HostContext] Well known directory 'Root': '/Users/gauth/Library/Mobile Documents/com~apple~CloudDocs/Administratif/Professionnel/HashiCorp/Technologies/1. Products/Vault/Demos/Github_Actions/vault-guides/ecosystem/vault-github-action/Actions/actions-runner'
[2022-06-16 14:44:36Z INFO HostContext] Well known config file 'Credentials': '/Users/gauth/Library/Mobile Documents/com~apple~CloudDocs/Administratif/Professionnel/HashiCorp/Technologies/1. Products/Vault/Demos/Github_Actions/vault-guides/ecosystem/vault-github-action/Actions/actions-runner/.credentials'
[2022-06-16 14:44:36Z INFO ConfigurationStore] CredFilePath: /Users/gauth/Library/Mobile Documents/com~apple~CloudDocs/Administratif/Professionnel/HashiCorp/Technologies/1. Products/Vault/Demos/Github_Actions/vault-guides/ecosystem/vault-github-action/Actions/actions-runner/.credentials
[2022-06-16 14:44:36Z INFO HostContext] Well known directory 'Bin': '/Users/gauth/Library/Mobile Documents/com~apple~CloudDocs/Administratif/Professionnel/HashiCorp/Technologies/1. Products/Vault/Demos/Github_Actions/vault-guides/ecosystem/vault-github-action/Actions/actions-runner/bin'
[2022-06-16 14:44:36Z INFO HostContext] Well known directory 'Root': '/Users/gauth/Library/Mobile Documents/com~apple~CloudDocs/Administratif/Professionnel/HashiCorp/Technologies/1. Products/Vault/Demos/Github_Actions/vault-guides/ecosystem/vault-github-action/Actions/actions-runner'
[2022-06-16 14:44:36Z INFO HostContext] Well known config file 'MigratedCredentials': '/Users/gauth/Library/Mobile Documents/com~apple~CloudDocs/Administratif/Professionnel/HashiCorp/Technologies/1. Products/Vault/Demos/Github_Actions/vault-guides/ecosystem/vault-github-action/Actions/actions-runner/.credentials_migrated'
[2022-06-16 14:44:36Z INFO ConfigurationStore] MigratedCredFilePath: /Users/gauth/Library/Mobile Documents/com~apple~CloudDocs/Administratif/Professionnel/HashiCorp/Technologies/1. Products/Vault/Demos/Github_Actions/vault-guides/ecosystem/vault-github-action/Actions/actions-runner/.credentials_migrated
[2022-06-16 14:44:36Z INFO HostContext] Well known directory 'Bin': '/Users/gauth/Library/Mobile Documents/com~apple~CloudDocs/Administratif/Professionnel/HashiCorp/Technologies/1. Products/Vault/Demos/Github_Actions/vault-guides/ecosystem/vault-github-action/Actions/actions-runner/bin'
[2022-06-16 14:44:36Z INFO HostContext] Well known directory 'Root': '/Users/gauth/Library/Mobile Documents/com~apple~CloudDocs/Administratif/Professionnel/HashiCorp/Technologies/1. Products/Vault/Demos/Github_Actions/vault-guides/ecosystem/vault-github-action/Actions/actions-runner'
[2022-06-16 14:44:36Z INFO HostContext] Well known config file 'Service': '/Users/gauth/Library/Mobile Documents/com~apple~CloudDocs/Administratif/Professionnel/HashiCorp/Technologies/1. Products/Vault/Demos/Github_Actions/vault-guides/ecosystem/vault-github-action/Actions/actions-runner/.service'
[2022-06-16 14:44:36Z INFO ConfigurationStore] ServiceConfigFilePath: /Users/gauth/Library/Mobile Documents/com~apple~CloudDocs/Administratif/Professionnel/HashiCorp/Technologies/1. Products/Vault/Demos/Github_Actions/vault-guides/ecosystem/vault-github-action/Actions/actions-runner/.service
[2022-06-16 14:44:36Z INFO CommandSettings] Flag 'help': 'False'
[2022-06-16 14:44:36Z INFO CommandSettings] Flag 'version': 'False'
[2022-06-16 14:44:36Z INFO CommandSettings] Flag 'commit': 'False'
[2022-06-16 14:44:36Z INFO CommandSettings] Flag 'check': 'False'
[2022-06-16 14:44:36Z INFO CommandSettings] Command 'configure': 'True'
[2022-06-16 14:44:36Z INFO Terminal] WRITE LINE: 
[2022-06-16 14:44:36Z INFO Terminal] WRITE LINE: --------------------------------------------------------------------------------
[2022-06-16 14:44:36Z INFO Terminal] WRITE LINE: |        ____ _ _   _   _       _          _        _   _                      |
[2022-06-16 14:44:36Z INFO Terminal] WRITE LINE: |       / ___(_) |_| | | |_   _| |__      / \   ___| |_(_) ___  _ __  ___      |
[2022-06-16 14:44:36Z INFO Terminal] WRITE LINE: |      | |  _| | __| |_| | | | | '_ \    / _ \ / __| __| |/ _ \| '_ \/ __|     |
[2022-06-16 14:44:36Z INFO Terminal] WRITE LINE: |      | |_| | | |_|  _  | |_| | |_) |  / ___ \ (__| |_| | (_) | | | \__ \     |
[2022-06-16 14:44:36Z INFO Terminal] WRITE LINE: |       \____|_|\__|_| |_|\__,_|_.__/  /_/   \_\___|\__|_|\___/|_| |_|___/     |
[2022-06-16 14:44:36Z INFO Terminal] WRITE LINE: |                                                                              |
[2022-06-16 14:44:36Z INFO Terminal] WRITE: |                       
[2022-06-16 14:44:36Z INFO Terminal] WRITE: Self-hosted runner registration
[2022-06-16 14:44:36Z INFO Terminal] WRITE LINE:                         |
[2022-06-16 14:44:36Z INFO Terminal] WRITE LINE: |                                                                              |
[2022-06-16 14:44:36Z INFO Terminal] WRITE LINE: --------------------------------------------------------------------------------
[2022-06-16 14:44:36Z INFO ConfigurationManager] ConfigureAsync
[2022-06-16 14:44:36Z INFO ConfigurationStore] IsConfigured()
[2022-06-16 14:44:36Z INFO ConfigurationStore] IsConfigured: False
[2022-06-16 14:44:36Z INFO ConfigurationManager] Is configured: False
[2022-06-16 14:44:36Z INFO CommandSettings] Arg 'url': 'https://github.com/skulblaka24/vault-demo-githubactions'
[2022-06-16 14:44:36Z INFO CommandSettings] Remove url from Arg dictionary.
[2022-06-16 14:44:36Z INFO CommandSettings] Arg 'token': '***'
[2022-06-16 14:44:36Z INFO CommandSettings] Remove token from Arg dictionary.
[2022-06-16 14:44:43Z INFO ConfigurationManager] Http response code: OK from 'POST https://api.github.com/actions/runner-registration'
[2022-06-16 14:44:43Z INFO ConfigurationManager] cred retrieved via GitHub auth
[2022-06-16 14:44:43Z INFO RunnerServer] Establish connection with 100 seconds timeout.
[2022-06-16 14:44:43Z INFO GitHubActionsService] Starting operation Location.GetConnectionData
[2022-06-16 14:44:43Z INFO RunnerServer] Establish connection with 60 seconds timeout.
[2022-06-16 14:44:43Z INFO GitHubActionsService] Starting operation Location.GetConnectionData
[2022-06-16 14:44:43Z INFO RunnerServer] Establish connection with 60 seconds timeout.
[2022-06-16 14:44:43Z INFO GitHubActionsService] Starting operation Location.GetConnectionData
[2022-06-16 14:44:44Z INFO GitHubActionsService] Finished operation Location.GetConnectionData
[2022-06-16 14:44:44Z INFO GitHubActionsService] Finished operation Location.GetConnectionData
[2022-06-16 14:44:44Z INFO GitHubActionsService] Finished operation Location.GetConnectionData
[2022-06-16 14:44:45Z INFO Terminal] WRITE LINE: 
[2022-06-16 14:44:45Z INFO ConfigurationManager] Test Connection complete.
[2022-06-16 14:44:45Z INFO HostContext] Well known directory 'Bin': '/Users/gauth/Library/Mobile Documents/com~apple~CloudDocs/Administratif/Professionnel/HashiCorp/Technologies/1. Products/Vault/Demos/Github_Actions/vault-guides/ecosystem/vault-github-action/Actions/actions-runner/bin'
[2022-06-16 14:44:45Z INFO HostContext] Well known directory 'Root': '/Users/gauth/Library/Mobile Documents/com~apple~CloudDocs/Administratif/Professionnel/HashiCorp/Technologies/1. Products/Vault/Demos/Github_Actions/vault-guides/ecosystem/vault-github-action/Actions/actions-runner'
[2022-06-16 14:44:45Z INFO HostContext] Well known config file 'RSACredentials': '/Users/gauth/Library/Mobile Documents/com~apple~CloudDocs/Administratif/Professionnel/HashiCorp/Technologies/1. Products/Vault/Demos/Github_Actions/vault-guides/ecosystem/vault-github-action/Actions/actions-runner/.credentials_rsaparams'
[2022-06-16 14:44:45Z INFO RSAFileKeyManager] Creating new RSA key using 2048-bit key length
[2022-06-16 14:44:45Z INFO RSAFileKeyManager] Successfully saved RSA key parameters to file /Users/gauth/Library/Mobile Documents/com~apple~CloudDocs/Administratif/Professionnel/HashiCorp/Technologies/1. Products/Vault/Demos/Github_Actions/vault-guides/ecosystem/vault-github-action/Actions/actions-runner/.credentials_rsaparams
[2022-06-16 14:44:45Z INFO RSAFileKeyManager] Which: 'chmod'
[2022-06-16 14:44:45Z INFO RSAFileKeyManager] Location: '/bin/chmod'
[2022-06-16 14:44:45Z INFO HostContext] Well known directory 'Bin': '/Users/gauth/Library/Mobile Documents/com~apple~CloudDocs/Administratif/Professionnel/HashiCorp/Technologies/1. Products/Vault/Demos/Github_Actions/vault-guides/ecosystem/vault-github-action/Actions/actions-runner/bin'
[2022-06-16 14:44:45Z INFO HostContext] Well known directory 'Root': '/Users/gauth/Library/Mobile Documents/com~apple~CloudDocs/Administratif/Professionnel/HashiCorp/Technologies/1. Products/Vault/Demos/Github_Actions/vault-guides/ecosystem/vault-github-action/Actions/actions-runner'
[2022-06-16 14:44:45Z INFO ProcessInvokerWrapper] Starting process:
[2022-06-16 14:44:45Z INFO ProcessInvokerWrapper]   File name: '/bin/chmod'
[2022-06-16 14:44:45Z INFO ProcessInvokerWrapper]   Arguments: '600 /Users/gauth/Library/Mobile Documents/com~apple~CloudDocs/Administratif/Professionnel/HashiCorp/Technologies/1. Products/Vault/Demos/Github_Actions/vault-guides/ecosystem/vault-github-action/Actions/actions-runner/.credentials_rsaparams'
[2022-06-16 14:44:45Z INFO ProcessInvokerWrapper]   Working directory: '/Users/gauth/Library/Mobile Documents/com~apple~CloudDocs/Administratif/Professionnel/HashiCorp/Technologies/1. Products/Vault/Demos/Github_Actions/vault-guides/ecosystem/vault-github-action/Actions/actions-runner'
[2022-06-16 14:44:45Z INFO ProcessInvokerWrapper]   Require exit code zero: 'False'
[2022-06-16 14:44:45Z INFO ProcessInvokerWrapper]   Encoding web name:  ; code page: ''
[2022-06-16 14:44:45Z INFO ProcessInvokerWrapper]   Force kill process on cancellation: 'False'
[2022-06-16 14:44:45Z INFO ProcessInvokerWrapper]   Redirected STDIN: 'False'
[2022-06-16 14:44:45Z INFO ProcessInvokerWrapper]   Persist current code page: 'False'
[2022-06-16 14:44:45Z INFO ProcessInvokerWrapper]   Keep redirected STDIN open: 'False'
[2022-06-16 14:44:45Z INFO ProcessInvokerWrapper]   High priority process: 'False'
[2022-06-16 14:44:46Z INFO ProcessInvokerWrapper] Process started with process id 27968, waiting for process exit.
[2022-06-16 14:44:46Z INFO ProcessInvokerWrapper] STDOUT/STDERR stream read finished.
[2022-06-16 14:44:46Z INFO ProcessInvokerWrapper] STDOUT/STDERR stream read finished.
[2022-06-16 14:44:46Z INFO ProcessInvokerWrapper] Finished process 27968 with exit code 1, and elapsed time 00:00:00.1729811.
[2022-06-16 14:44:46Z WARN RSAFileKeyManager] Unable to succesfully set permissions for RSA key parameters file /Users/gauth/Library/Mobile Documents/com~apple~CloudDocs/Administratif/Professionnel/HashiCorp/Technologies/1. Products/Vault/Demos/Github_Actions/vault-guides/ecosystem/vault-github-action/Actions/actions-runner/.credentials_rsaparams. Received exit code 1 from /bin/chmod
[2022-06-16 14:44:46Z INFO CommandSettings] Arg 'runnergroup': ''
[2022-06-16 14:44:46Z INFO CommandSettings] Flag 'unattended': 'False'
[2022-06-16 14:44:46Z INFO PromptManager] ReadValue
[2022-06-16 14:44:46Z INFO Terminal] WRITE: Enter the name of the runner group to add this runner to: 
[2022-06-16 14:44:46Z INFO Terminal] WRITE: [press Enter for Default] 
[2022-06-16 14:44:46Z INFO Terminal] READ LINE
[2022-06-16 14:44:56Z INFO Terminal] Read value: 'Vault-Workshop'
[2022-06-16 14:44:56Z INFO Terminal] WRITE LINE: 
[2022-06-16 14:44:56Z ERR  Runner] GitHub.DistributedTask.WebApi.TaskAgentPoolNotFoundException: Could not find any self-hosted runner group named "Vault-Workshop".
   at GitHub.Runner.Listener.Configuration.ConfigurationManager.ConfigureAsync(CommandSettings command)
   at GitHub.Runner.Listener.Runner.ExecuteCommand(CommandSettings command)
[2022-06-16 14:44:56Z ERR  Terminal] WRITE ERROR: Could not find any self-hosted runner group named "Vault-Workshop".
[2022-06-16 14:44:56Z INFO Listener] Runner execution has finished with return code 1
