[2022-06-16 14:45:04Z INFO HostContext] No proxy settings were found based on environmental variables (http_proxy/https_proxy/HTTP_PROXY/HTTPS_PROXY)
[2022-06-16 14:45:04Z INFO HostContext] Well known directory 'Bin': '/Users/gauth/Library/Mobile Documents/com~apple~CloudDocs/Administratif/Professionnel/HashiCorp/Technologies/1. Products/Vault/Demos/Github_Actions/vault-guides/ecosystem/vault-github-action/Actions/actions-runner/bin'
[2022-06-16 14:45:04Z INFO HostContext] Well known directory 'Root': '/Users/gauth/Library/Mobile Documents/com~apple~CloudDocs/Administratif/Professionnel/HashiCorp/Technologies/1. Products/Vault/Demos/Github_Actions/vault-guides/ecosystem/vault-github-action/Actions/actions-runner'
[2022-06-16 14:45:04Z INFO HostContext] Well known config file 'Credentials': '/Users/gauth/Library/Mobile Documents/com~apple~CloudDocs/Administratif/Professionnel/HashiCorp/Technologies/1. Products/Vault/Demos/Github_Actions/vault-guides/ecosystem/vault-github-action/Actions/actions-runner/.credentials'
[2022-06-16 14:45:04Z INFO HostContext] Well known directory 'Bin': '/Users/gauth/Library/Mobile Documents/com~apple~CloudDocs/Administratif/Professionnel/HashiCorp/Technologies/1. Products/Vault/Demos/Github_Actions/vault-guides/ecosystem/vault-github-action/Actions/actions-runner/bin'
[2022-06-16 14:45:04Z INFO HostContext] Well known directory 'Root': '/Users/gauth/Library/Mobile Documents/com~apple~CloudDocs/Administratif/Professionnel/HashiCorp/Technologies/1. Products/Vault/Demos/Github_Actions/vault-guides/ecosystem/vault-github-action/Actions/actions-runner'
[2022-06-16 14:45:04Z INFO HostContext] Well known config file 'Runner': '/Users/gauth/Library/Mobile Documents/com~apple~CloudDocs/Administratif/Professionnel/HashiCorp/Technologies/1. Products/Vault/Demos/Github_Actions/vault-guides/ecosystem/vault-github-action/Actions/actions-runner/.runner'
[2022-06-16 14:45:04Z INFO Listener] Runner is built for OSX (X64) - osx-x64.
[2022-06-16 14:45:04Z INFO Listener] RuntimeInformation: Darwin 20.3.0 Darwin Kernel Version 20.3.0: Thu Jan 21 00:07:06 PST 2021; root:xnu-7195.81.3~1/RELEASE_X86_64.
[2022-06-16 14:45:04Z INFO Listener] Version: 2.293.0
[2022-06-16 14:45:04Z INFO Listener] Commit: 7785d8e1045339fbc88b92c9b506d35ed2b7523c
[2022-06-16 14:45:04Z INFO Listener] Culture: fr-FR
[2022-06-16 14:45:04Z INFO Listener] UI Culture: fr-FR
[2022-06-16 14:45:04Z INFO HostContext] Well known directory 'Bin': '/Users/gauth/Library/Mobile Documents/com~apple~CloudDocs/Administratif/Professionnel/HashiCorp/Technologies/1. Products/Vault/Demos/Github_Actions/vault-guides/ecosystem/vault-github-action/Actions/actions-runner/bin'
[2022-06-16 14:45:04Z INFO HostContext] Well known directory 'Root': '/Users/gauth/Library/Mobile Documents/com~apple~CloudDocs/Administratif/Professionnel/HashiCorp/Technologies/1. Products/Vault/Demos/Github_Actions/vault-guides/ecosystem/vault-github-action/Actions/actions-runner'
[2022-06-16 14:45:04Z INFO Listener] Validating directory permissions for: '/Users/gauth/Library/Mobile Documents/com~apple~CloudDocs/Administratif/Professionnel/HashiCorp/Technologies/1. Products/Vault/Demos/Github_Actions/vault-guides/ecosystem/vault-github-action/Actions/actions-runner'
[2022-06-16 14:45:04Z INFO CommandLineParser] Parse
[2022-06-16 14:45:04Z INFO CommandLineParser] Parsing 5 args
[2022-06-16 14:45:04Z INFO CommandLineParser] parsing argument
[2022-06-16 14:45:04Z INFO CommandLineParser] HasArgs: False
[2022-06-16 14:45:04Z INFO CommandLineParser] Adding Command: configure
[2022-06-16 14:45:04Z INFO CommandLineParser] parsing argument
[2022-06-16 14:45:04Z INFO CommandLineParser] HasArgs: True
[2022-06-16 14:45:04Z INFO CommandLineParser] arg: url
[2022-06-16 14:45:04Z INFO CommandLineParser] parsing argument
[2022-06-16 14:45:04Z INFO CommandLineParser] HasArgs: True
[2022-06-16 14:45:04Z INFO CommandLineParser] Adding option 'url': 'https://github.com/skulblaka24/vault-demo-githubactions'
[2022-06-16 14:45:04Z INFO CommandLineParser] parsing argument
[2022-06-16 14:45:04Z INFO CommandLineParser] HasArgs: True
[2022-06-16 14:45:04Z INFO CommandLineParser] arg: token
[2022-06-16 14:45:04Z INFO CommandLineParser] parsing argument
[2022-06-16 14:45:04Z INFO CommandLineParser] HasArgs: True
[2022-06-16 14:45:04Z INFO CommandLineParser] Adding option 'token': '***'
[2022-06-16 14:45:04Z INFO Listener] Arguments parsed
[2022-06-16 14:45:04Z INFO Runner] ExecuteCommand
[2022-06-16 14:45:04Z INFO ConfigurationStore] currentAssemblyLocation: /Users/gauth/Library/Mobile Documents/com~apple~CloudDocs/Administratif/Professionnel/HashiCorp/Technologies/1. Products/Vault/Demos/Github_Actions/vault-guides/ecosystem/vault-github-action/Actions/actions-runner/bin/Runner.Listener.dll
[2022-06-16 14:45:04Z INFO HostContext] Well known directory 'Bin': '/Users/gauth/Library/Mobile Documents/com~apple~CloudDocs/Administratif/Professionnel/HashiCorp/Technologies/1. Products/Vault/Demos/Github_Actions/vault-guides/ecosystem/vault-github-action/Actions/actions-runner/bin'
[2022-06-16 14:45:04Z INFO ConfigurationStore] binPath: /Users/gauth/Library/Mobile Documents/com~apple~CloudDocs/Administratif/Professionnel/HashiCorp/Technologies/1. Products/Vault/Demos/Github_Actions/vault-guides/ecosystem/vault-github-action/Actions/actions-runner/bin
[2022-06-16 14:45:04Z INFO HostContext] Well known directory 'Bin': '/Users/gauth/Library/Mobile Documents/com~apple~CloudDocs/Administratif/Professionnel/HashiCorp/Technologies/1. Products/Vault/Demos/Github_Actions/vault-guides/ecosystem/vault-github-action/Actions/actions-runner/bin'
[2022-06-16 14:45:04Z INFO HostContext] Well known directory 'Root': '/Users/gauth/Library/Mobile Documents/com~apple~CloudDocs/Administratif/Professionnel/HashiCorp/Technologies/1. Products/Vault/Demos/Github_Actions/vault-guides/ecosystem/vault-github-action/Actions/actions-runner'
[2022-06-16 14:45:04Z INFO ConfigurationStore] RootFolder: /Users/gauth/Library/Mobile Documents/com~apple~CloudDocs/Administratif/Professionnel/HashiCorp/Technologies/1. Products/Vault/Demos/Github_Actions/vault-guides/ecosystem/vault-github-action/Actions/actions-runner
[2022-06-16 14:45:04Z INFO HostContext] Well known directory 'Bin': '/Users/gauth/Library/Mobile Documents/com~apple~CloudDocs/Administratif/Professionnel/HashiCorp/Technologies/1. Products/Vault/Demos/Github_Actions/vault-guides/ecosystem/vault-github-action/Actions/actions-runner/bin'
[2022-06-16 14:45:04Z INFO HostContext] Well known directory 'Root': '/Users/gauth/Library/Mobile Documents/com~apple~CloudDocs/Administratif/Professionnel/HashiCorp/Technologies/1. Products/Vault/Demos/Github_Actions/vault-guides/ecosystem/vault-github-action/Actions/actions-runner'
[2022-06-16 14:45:04Z INFO HostContext] Well known config file 'Runner': '/Users/gauth/Library/Mobile Documents/com~apple~CloudDocs/Administratif/Professionnel/HashiCorp/Technologies/1. Products/Vault/Demos/Github_Actions/vault-guides/ecosystem/vault-github-action/Actions/actions-runner/.runner'
[2022-06-16 14:45:04Z INFO ConfigurationStore] ConfigFilePath: /Users/gauth/Library/Mobile Documents/com~apple~CloudDocs/Administratif/Professionnel/HashiCorp/Technologies/1. Products/Vault/Demos/Github_Actions/vault-guides/ecosystem/vault-github-action/Actions/actions-runner/.runner
[2022-06-16 14:45:04Z INFO HostContext] Well known directory 'Bin': '/Users/gauth/Library/Mobile Documents/com~apple~CloudDocs/Administratif/Professionnel/HashiCorp/Technologies/1. Products/Vault/Demos/Github_Actions/vault-guides/ecosystem/vault-github-action/Actions/actions-runner/bin'
[2022-06-16 14:45:04Z INFO HostContext] Well known directory 'Root': '/Users/gauth/Library/Mobile Documents/com~apple~CloudDocs/Administratif/Professionnel/HashiCorp/Technologies/1. Products/Vault/Demos/Github_Actions/vault-guides/ecosystem/vault-github-action/Actions/actions-runner'
[2022-06-16 14:45:04Z INFO HostContext] Well known config file 'Credentials': '/Users/gauth/Library/Mobile Documents/com~apple~CloudDocs/Administratif/Professionnel/HashiCorp/Technologies/1. Products/Vault/Demos/Github_Actions/vault-guides/ecosystem/vault-github-action/Actions/actions-runner/.credentials'
[2022-06-16 14:45:04Z INFO ConfigurationStore] CredFilePath: /Users/gauth/Library/Mobile Documents/com~apple~CloudDocs/Administratif/Professionnel/HashiCorp/Technologies/1. Products/Vault/Demos/Github_Actions/vault-guides/ecosystem/vault-github-action/Actions/actions-runner/.credentials
[2022-06-16 14:45:04Z INFO HostContext] Well known directory 'Bin': '/Users/gauth/Library/Mobile Documents/com~apple~CloudDocs/Administratif/Professionnel/HashiCorp/Technologies/1. Products/Vault/Demos/Github_Actions/vault-guides/ecosystem/vault-github-action/Actions/actions-runner/bin'
[2022-06-16 14:45:04Z INFO HostContext] Well known directory 'Root': '/Users/gauth/Library/Mobile Documents/com~apple~CloudDocs/Administratif/Professionnel/HashiCorp/Technologies/1. Products/Vault/Demos/Github_Actions/vault-guides/ecosystem/vault-github-action/Actions/actions-runner'
[2022-06-16 14:45:04Z INFO HostContext] Well known config file 'MigratedCredentials': '/Users/gauth/Library/Mobile Documents/com~apple~CloudDocs/Administratif/Professionnel/HashiCorp/Technologies/1. Products/Vault/Demos/Github_Actions/vault-guides/ecosystem/vault-github-action/Actions/actions-runner/.credentials_migrated'
[2022-06-16 14:45:04Z INFO ConfigurationStore] MigratedCredFilePath: /Users/gauth/Library/Mobile Documents/com~apple~CloudDocs/Administratif/Professionnel/HashiCorp/Technologies/1. Products/Vault/Demos/Github_Actions/vault-guides/ecosystem/vault-github-action/Actions/actions-runner/.credentials_migrated
[2022-06-16 14:45:04Z INFO HostContext] Well known directory 'Bin': '/Users/gauth/Library/Mobile Documents/com~apple~CloudDocs/Administratif/Professionnel/HashiCorp/Technologies/1. Products/Vault/Demos/Github_Actions/vault-guides/ecosystem/vault-github-action/Actions/actions-runner/bin'
[2022-06-16 14:45:04Z INFO HostContext] Well known directory 'Root': '/Users/gauth/Library/Mobile Documents/com~apple~CloudDocs/Administratif/Professionnel/HashiCorp/Technologies/1. Products/Vault/Demos/Github_Actions/vault-guides/ecosystem/vault-github-action/Actions/actions-runner'
[2022-06-16 14:45:04Z INFO HostContext] Well known config file 'Service': '/Users/gauth/Library/Mobile Documents/com~apple~CloudDocs/Administratif/Professionnel/HashiCorp/Technologies/1. Products/Vault/Demos/Github_Actions/vault-guides/ecosystem/vault-github-action/Actions/actions-runner/.service'
[2022-06-16 14:45:04Z INFO ConfigurationStore] ServiceConfigFilePath: /Users/gauth/Library/Mobile Documents/com~apple~CloudDocs/Administratif/Professionnel/HashiCorp/Technologies/1. Products/Vault/Demos/Github_Actions/vault-guides/ecosystem/vault-github-action/Actions/actions-runner/.service
[2022-06-16 14:45:04Z INFO CommandSettings] Flag 'help': 'False'
[2022-06-16 14:45:04Z INFO CommandSettings] Flag 'version': 'False'
[2022-06-16 14:45:04Z INFO CommandSettings] Flag 'commit': 'False'
[2022-06-16 14:45:04Z INFO CommandSettings] Flag 'check': 'False'
[2022-06-16 14:45:04Z INFO CommandSettings] Command 'configure': 'True'
[2022-06-16 14:45:04Z INFO Terminal] WRITE LINE: 
[2022-06-16 14:45:04Z INFO Terminal] WRITE LINE: --------------------------------------------------------------------------------
[2022-06-16 14:45:04Z INFO Terminal] WRITE LINE: |        ____ _ _   _   _       _          _        _   _                      |
[2022-06-16 14:45:04Z INFO Terminal] WRITE LINE: |       / ___(_) |_| | | |_   _| |__      / \   ___| |_(_) ___  _ __  ___      |
[2022-06-16 14:45:04Z INFO Terminal] WRITE LINE: |      | |  _| | __| |_| | | | | '_ \    / _ \ / __| __| |/ _ \| '_ \/ __|     |
[2022-06-16 14:45:04Z INFO Terminal] WRITE LINE: |      | |_| | | |_|  _  | |_| | |_) |  / ___ \ (__| |_| | (_) | | | \__ \     |
[2022-06-16 14:45:04Z INFO Terminal] WRITE LINE: |       \____|_|\__|_| |_|\__,_|_.__/  /_/   \_\___|\__|_|\___/|_| |_|___/     |
[2022-06-16 14:45:04Z INFO Terminal] WRITE LINE: |                                                                              |
[2022-06-16 14:45:04Z INFO Terminal] WRITE: |                       
[2022-06-16 14:45:04Z INFO Terminal] WRITE: Self-hosted runner registration
[2022-06-16 14:45:04Z INFO Terminal] WRITE LINE:                         |
[2022-06-16 14:45:04Z INFO Terminal] WRITE LINE: |                                                                              |
[2022-06-16 14:45:04Z INFO Terminal] WRITE LINE: --------------------------------------------------------------------------------
[2022-06-16 14:45:04Z INFO ConfigurationManager] ConfigureAsync
[2022-06-16 14:45:04Z INFO ConfigurationStore] IsConfigured()
[2022-06-16 14:45:04Z INFO ConfigurationStore] IsConfigured: False
[2022-06-16 14:45:04Z INFO ConfigurationManager] Is configured: False
[2022-06-16 14:45:04Z INFO CommandSettings] Arg 'url': 'https://github.com/skulblaka24/vault-demo-githubactions'
[2022-06-16 14:45:04Z INFO CommandSettings] Remove url from Arg dictionary.
[2022-06-16 14:45:04Z INFO CommandSettings] Arg 'token': '***'
[2022-06-16 14:45:04Z INFO CommandSettings] Remove token from Arg dictionary.
[2022-06-16 14:45:05Z INFO ConfigurationManager] Http response code: OK from 'POST https://api.github.com/actions/runner-registration'
[2022-06-16 14:45:05Z INFO ConfigurationManager] cred retrieved via GitHub auth
[2022-06-16 14:45:05Z INFO RunnerServer] Establish connection with 100 seconds timeout.
[2022-06-16 14:45:05Z INFO GitHubActionsService] Starting operation Location.GetConnectionData
[2022-06-16 14:45:05Z INFO RunnerServer] Establish connection with 60 seconds timeout.
[2022-06-16 14:45:06Z INFO GitHubActionsService] Starting operation Location.GetConnectionData
[2022-06-16 14:45:06Z INFO RunnerServer] Establish connection with 60 seconds timeout.
[2022-06-16 14:45:06Z INFO GitHubActionsService] Starting operation Location.GetConnectionData
[2022-06-16 14:45:06Z INFO GitHubActionsService] Finished operation Location.GetConnectionData
[2022-06-16 14:45:06Z INFO GitHubActionsService] Finished operation Location.GetConnectionData
[2022-06-16 14:45:06Z INFO GitHubActionsService] Finished operation Location.GetConnectionData
[2022-06-16 14:45:06Z INFO Terminal] WRITE LINE: 
[2022-06-16 14:45:06Z INFO ConfigurationManager] Test Connection complete.
[2022-06-16 14:45:06Z INFO HostContext] Well known directory 'Bin': '/Users/gauth/Library/Mobile Documents/com~apple~CloudDocs/Administratif/Professionnel/HashiCorp/Technologies/1. Products/Vault/Demos/Github_Actions/vault-guides/ecosystem/vault-github-action/Actions/actions-runner/bin'
[2022-06-16 14:45:06Z INFO HostContext] Well known directory 'Root': '/Users/gauth/Library/Mobile Documents/com~apple~CloudDocs/Administratif/Professionnel/HashiCorp/Technologies/1. Products/Vault/Demos/Github_Actions/vault-guides/ecosystem/vault-github-action/Actions/actions-runner'
[2022-06-16 14:45:06Z INFO HostContext] Well known config file 'RSACredentials': '/Users/gauth/Library/Mobile Documents/com~apple~CloudDocs/Administratif/Professionnel/HashiCorp/Technologies/1. Products/Vault/Demos/Github_Actions/vault-guides/ecosystem/vault-github-action/Actions/actions-runner/.credentials_rsaparams'
[2022-06-16 14:45:06Z INFO RSAFileKeyManager] Found existing RSA key parameters file /Users/gauth/Library/Mobile Documents/com~apple~CloudDocs/Administratif/Professionnel/HashiCorp/Technologies/1. Products/Vault/Demos/Github_Actions/vault-guides/ecosystem/vault-github-action/Actions/actions-runner/.credentials_rsaparams
[2022-06-16 14:45:06Z INFO CommandSettings] Arg 'runnergroup': ''
[2022-06-16 14:45:06Z INFO CommandSettings] Flag 'unattended': 'False'
[2022-06-16 14:45:06Z INFO PromptManager] ReadValue
[2022-06-16 14:45:06Z INFO Terminal] WRITE: Enter the name of the runner group to add this runner to: 
[2022-06-16 14:45:06Z INFO Terminal] WRITE: [press Enter for Default] 
[2022-06-16 14:45:06Z INFO Terminal] READ LINE
[2022-06-16 14:45:07Z INFO Terminal] Read value: ''
[2022-06-16 14:45:07Z INFO PromptManager] Falling back to the default: 'Default'
[2022-06-16 14:45:07Z INFO Terminal] WRITE LINE: 
[2022-06-16 14:45:07Z INFO ConfigurationManager] Found a self-hosted runner group with id 1 and name Default
[2022-06-16 14:45:07Z INFO CommandSettings] Flag 'disableupdate': 'False'
[2022-06-16 14:45:07Z INFO CommandSettings] Flag 'ephemeral': 'False'
[2022-06-16 14:45:07Z INFO CommandSettings] Arg 'name': ''
[2022-06-16 14:45:07Z INFO CommandSettings] Flag 'unattended': 'False'
[2022-06-16 14:45:07Z INFO PromptManager] ReadValue
[2022-06-16 14:45:07Z INFO Terminal] WRITE: Enter the name of runner: 
[2022-06-16 14:45:07Z INFO Terminal] WRITE: [press Enter for MacBook-Pro-de-gauth] 
[2022-06-16 14:45:07Z INFO Terminal] READ LINE
[2022-06-16 14:45:19Z INFO Terminal] Read value: 'runner-vault-workshop'
[2022-06-16 14:45:19Z INFO Terminal] WRITE LINE: 
[2022-06-16 14:45:19Z INFO CommandSettings] Arg 'labels': ''
[2022-06-16 14:45:19Z INFO CommandSettings] Flag 'unattended': 'False'
[2022-06-16 14:45:19Z INFO PromptManager] ReadValue
[2022-06-16 14:45:19Z INFO Terminal] WRITE: This runner will have the following labels: 'self-hosted', 'macOS', 'X64' 
Enter any additional labels (ex. label-1,label-2): 
[2022-06-16 14:45:19Z INFO Terminal] WRITE: [press Enter to skip] 
[2022-06-16 14:45:19Z INFO Terminal] READ LINE
[2022-06-16 14:45:26Z INFO Terminal] Read value: ''
[2022-06-16 14:45:26Z INFO Terminal] WRITE LINE: 
[2022-06-16 14:45:26Z INFO CommandSettings] Flag 'disableupdate': 'False'
[2022-06-16 14:45:26Z INFO CommandSettings] Flag 'disableupdate': 'False'
[2022-06-16 14:45:26Z INFO CommandSettings] Flag 'ephemeral': 'False'
[2022-06-16 14:45:26Z INFO ConfigurationStore] Saving OAuth credential @ /Users/gauth/Library/Mobile Documents/com~apple~CloudDocs/Administratif/Professionnel/HashiCorp/Technologies/1. Products/Vault/Demos/Github_Actions/vault-guides/ecosystem/vault-github-action/Actions/actions-runner/.credentials
[2022-06-16 14:45:26Z INFO ConfigurationStore] Credentials Saved.
[2022-06-16 14:45:26Z INFO ConfigurationStore] HasCredentials()
[2022-06-16 14:45:26Z INFO ConfigurationStore] stored True
[2022-06-16 14:45:26Z INFO CredentialManager] GetCredentialProvider
[2022-06-16 14:45:26Z INFO CredentialManager] Creating type OAuth
[2022-06-16 14:45:26Z INFO CredentialManager] Creating credential type: OAuth
[2022-06-16 14:45:26Z INFO RSAFileKeyManager] Loading RSA key parameters from file /Users/gauth/Library/Mobile Documents/com~apple~CloudDocs/Administratif/Professionnel/HashiCorp/Technologies/1. Products/Vault/Demos/Github_Actions/vault-guides/ecosystem/vault-github-action/Actions/actions-runner/.credentials_rsaparams
[2022-06-16 14:45:27Z INFO RunnerServer] Establish connection with 100 seconds timeout.
[2022-06-16 14:45:27Z INFO GitHubActionsService] Starting operation Location.GetConnectionData
[2022-06-16 14:45:27Z INFO RunnerServer] Establish connection with 60 seconds timeout.
[2022-06-16 14:45:27Z INFO GitHubActionsService] Starting operation Location.GetConnectionData
[2022-06-16 14:45:27Z INFO RunnerServer] Establish connection with 60 seconds timeout.
[2022-06-16 14:45:27Z INFO GitHubActionsService] Starting operation Location.GetConnectionData
[2022-06-16 14:45:27Z INFO GitHubActionsService] Finished operation Location.GetConnectionData
[2022-06-16 14:45:27Z INFO GitHubActionsService] Finished operation Location.GetConnectionData
[2022-06-16 14:45:27Z INFO GitHubActionsService] Finished operation Location.GetConnectionData
[2022-06-16 14:45:27Z WARN GitHubActionsService] Authentication failed with status code 401.
Transfer-Encoding: chunked
WWW-Authenticate: Bearer
Strict-Transport-Security: max-age=2592000
X-TFS-ProcessId: 56d20625-9ab2-4a11-812d-f526e5953882
ActivityId: 95eb555a-273b-464e-a894-b645dc8301cd
X-TFS-Session: 946843cf-6895-45c0-b5ec-120aebc97def
X-VSS-E2EID: bd152e50-daff-49e2-b2c4-5c38a763f4cb
X-VSS-SenderDeploymentId: fc1cfc90-fc40-edcb-6d0f-3b1380ee7b68
X-TFS-ServiceError: The+user+%27System%3aPublicAccess%3baaaaaaaa-aaaa-aaaa-aaaa-aaaaaaaaaaaa%27+is+not+authorized+to+access+this+resource.
X-VSS-S2STargetService: 0000005A-0000-8888-8000-000000000000/visualstudio.com
X-Cache: CONFIG_NOCACHE
X-MSEdge-Ref: Ref A: 6396616B26864443BB7BBFA996024318 Ref B: PAR02EDGE0822 Ref C: 2022-06-16T14:45:27Z
Date: Thu, 16 Jun 2022 14:45:27 GMT

[2022-06-16 14:45:27Z INFO RSAFileKeyManager] Loading RSA key parameters from file /Users/gauth/Library/Mobile Documents/com~apple~CloudDocs/Administratif/Professionnel/HashiCorp/Technologies/1. Products/Vault/Demos/Github_Actions/vault-guides/ecosystem/vault-github-action/Actions/actions-runner/.credentials_rsaparams
[2022-06-16 14:45:27Z INFO RSAFileKeyManager] Loading RSA key parameters from file /Users/gauth/Library/Mobile Documents/com~apple~CloudDocs/Administratif/Professionnel/HashiCorp/Technologies/1. Products/Vault/Demos/Github_Actions/vault-guides/ecosystem/vault-github-action/Actions/actions-runner/.credentials_rsaparams
[2022-06-16 14:45:27Z INFO GitHubActionsService] AAD Correlation ID for this token request: Unknown
[2022-06-16 14:45:27Z INFO CommandSettings] Arg 'work': ''
[2022-06-16 14:45:27Z INFO CommandSettings] Flag 'unattended': 'False'
[2022-06-16 14:45:27Z INFO PromptManager] ReadValue
[2022-06-16 14:45:27Z INFO Terminal] WRITE: Enter name of work folder: 
[2022-06-16 14:45:27Z INFO Terminal] WRITE: [press Enter for _work] 
[2022-06-16 14:45:27Z INFO Terminal] READ LINE
[2022-06-16 14:45:31Z INFO Terminal] Read value: ''
[2022-06-16 14:45:31Z INFO PromptManager] Falling back to the default: '_work'
[2022-06-16 14:45:31Z INFO ConfigurationStore] Saving runner settings.
[2022-06-16 14:45:31Z INFO ConfigurationStore] Settings Saved.
[2022-06-16 14:45:31Z INFO Terminal] WRITE LINE: 
[2022-06-16 14:45:31Z INFO Terminal] WRITE LINE: 
[2022-06-16 14:45:31Z INFO OsxServiceControlManager] Service name 'actions.runner.skulblaka24-vault-demo-githubactions.runner-vault-workshop' display name 'GitHub Actions Runner (skulblaka24-vault-demo-githubactions.runner-vault-workshop)' will be used for service configuration.
[2022-06-16 14:45:31Z INFO HostContext] Well known directory 'Bin': '/Users/gauth/Library/Mobile Documents/com~apple~CloudDocs/Administratif/Professionnel/HashiCorp/Technologies/1. Products/Vault/Demos/Github_Actions/vault-guides/ecosystem/vault-github-action/Actions/actions-runner/bin'
[2022-06-16 14:45:31Z INFO HostContext] Well known directory 'Root': '/Users/gauth/Library/Mobile Documents/com~apple~CloudDocs/Administratif/Professionnel/HashiCorp/Technologies/1. Products/Vault/Demos/Github_Actions/vault-guides/ecosystem/vault-github-action/Actions/actions-runner'
[2022-06-16 14:45:31Z INFO HostContext] Well known directory 'Bin': '/Users/gauth/Library/Mobile Documents/com~apple~CloudDocs/Administratif/Professionnel/HashiCorp/Technologies/1. Products/Vault/Demos/Github_Actions/vault-guides/ecosystem/vault-github-action/Actions/actions-runner/bin'
[2022-06-16 14:45:31Z INFO HostContext] Well known directory 'Bin': '/Users/gauth/Library/Mobile Documents/com~apple~CloudDocs/Administratif/Professionnel/HashiCorp/Technologies/1. Products/Vault/Demos/Github_Actions/vault-guides/ecosystem/vault-github-action/Actions/actions-runner/bin'
[2022-06-16 14:45:31Z INFO HostContext] Well known directory 'Root': '/Users/gauth/Library/Mobile Documents/com~apple~CloudDocs/Administratif/Professionnel/HashiCorp/Technologies/1. Products/Vault/Demos/Github_Actions/vault-guides/ecosystem/vault-github-action/Actions/actions-runner'
[2022-06-16 14:45:31Z INFO UnixUtil] Which: 'chmod'
[2022-06-16 14:45:31Z INFO UnixUtil] Location: '/bin/chmod'
[2022-06-16 14:45:31Z INFO UnixUtil] Running /bin/chmod 755 "/Users/gauth/Library/Mobile Documents/com~apple~CloudDocs/Administratif/Professionnel/HashiCorp/Technologies/1. Products/Vault/Demos/Github_Actions/vault-guides/ecosystem/vault-github-action/Actions/actions-runner/svc.sh"
[2022-06-16 14:45:31Z INFO ProcessInvokerWrapper] Starting process:
[2022-06-16 14:45:31Z INFO ProcessInvokerWrapper]   File name: '/bin/chmod'
[2022-06-16 14:45:31Z INFO ProcessInvokerWrapper]   Arguments: '755 "/Users/gauth/Library/Mobile Documents/com~apple~CloudDocs/Administratif/Professionnel/HashiCorp/Technologies/1. Products/Vault/Demos/Github_Actions/vault-guides/ecosystem/vault-github-action/Actions/actions-runner/svc.sh"'
[2022-06-16 14:45:31Z INFO ProcessInvokerWrapper]   Working directory: '/Users/gauth/Library/Mobile Documents/com~apple~CloudDocs/Administratif/Professionnel/HashiCorp/Technologies/1. Products/Vault/Demos/Github_Actions/vault-guides/ecosystem/vault-github-action/Actions/actions-runner'
[2022-06-16 14:45:31Z INFO ProcessInvokerWrapper]   Require exit code zero: 'True'
[2022-06-16 14:45:31Z INFO ProcessInvokerWrapper]   Encoding web name:  ; code page: ''
[2022-06-16 14:45:31Z INFO ProcessInvokerWrapper]   Force kill process on cancellation: 'False'
[2022-06-16 14:45:31Z INFO ProcessInvokerWrapper]   Redirected STDIN: 'False'
[2022-06-16 14:45:31Z INFO ProcessInvokerWrapper]   Persist current code page: 'False'
[2022-06-16 14:45:31Z INFO ProcessInvokerWrapper]   Keep redirected STDIN open: 'False'
[2022-06-16 14:45:31Z INFO ProcessInvokerWrapper]   High priority process: 'False'
[2022-06-16 14:45:31Z INFO ProcessInvokerWrapper] Process started with process id 28364, waiting for process exit.
[2022-06-16 14:45:31Z INFO ProcessInvokerWrapper] STDOUT/STDERR stream read finished.
[2022-06-16 14:45:31Z INFO ProcessInvokerWrapper] STDOUT/STDERR stream read finished.
[2022-06-16 14:45:31Z INFO ProcessInvokerWrapper] Finished process 28364 with exit code 0, and elapsed time 00:00:00.0175979.
[2022-06-16 14:45:31Z INFO Listener] Runner execution has finished with return code 0
