[2022-06-16 14:45:55Z INFO HostContext] No proxy settings were found based on environmental variables (http_proxy/https_proxy/HTTP_PROXY/HTTPS_PROXY)
[2022-06-16 14:45:55Z INFO HostContext] Well known directory 'Bin': '/Users/gauth/Library/Mobile Documents/com~apple~CloudDocs/Administratif/Professionnel/HashiCorp/Technologies/1. Products/Vault/Demos/Github_Actions/vault-guides/ecosystem/vault-github-action/Actions/actions-runner/bin'
[2022-06-16 14:45:55Z INFO HostContext] Well known directory 'Root': '/Users/gauth/Library/Mobile Documents/com~apple~CloudDocs/Administratif/Professionnel/HashiCorp/Technologies/1. Products/Vault/Demos/Github_Actions/vault-guides/ecosystem/vault-github-action/Actions/actions-runner'
[2022-06-16 14:45:55Z INFO HostContext] Well known config file 'Credentials': '/Users/gauth/Library/Mobile Documents/com~apple~CloudDocs/Administratif/Professionnel/HashiCorp/Technologies/1. Products/Vault/Demos/Github_Actions/vault-guides/ecosystem/vault-github-action/Actions/actions-runner/.credentials'
[2022-06-16 14:45:55Z INFO HostContext] Well known directory 'Bin': '/Users/gauth/Library/Mobile Documents/com~apple~CloudDocs/Administratif/Professionnel/HashiCorp/Technologies/1. Products/Vault/Demos/Github_Actions/vault-guides/ecosystem/vault-github-action/Actions/actions-runner/bin'
[2022-06-16 14:45:55Z INFO HostContext] Well known directory 'Root': '/Users/gauth/Library/Mobile Documents/com~apple~CloudDocs/Administratif/Professionnel/HashiCorp/Technologies/1. Products/Vault/Demos/Github_Actions/vault-guides/ecosystem/vault-github-action/Actions/actions-runner'
[2022-06-16 14:45:55Z INFO HostContext] Well known config file 'Runner': '/Users/gauth/Library/Mobile Documents/com~apple~CloudDocs/Administratif/Professionnel/HashiCorp/Technologies/1. Products/Vault/Demos/Github_Actions/vault-guides/ecosystem/vault-github-action/Actions/actions-runner/.runner'
[2022-06-16 14:45:55Z INFO Listener] Runner is built for OSX (X64) - osx-x64.
[2022-06-16 14:45:55Z INFO Listener] RuntimeInformation: Darwin 20.3.0 Darwin Kernel Version 20.3.0: Thu Jan 21 00:07:06 PST 2021; root:xnu-7195.81.3~1/RELEASE_X86_64.
[2022-06-16 14:45:55Z INFO Listener] Version: 2.293.0
[2022-06-16 14:45:55Z INFO Listener] Commit: 7785d8e1045339fbc88b92c9b506d35ed2b7523c
[2022-06-16 14:45:55Z INFO Listener] Culture: fr-FR
[2022-06-16 14:45:55Z INFO Listener] UI Culture: fr-FR
[2022-06-16 14:45:55Z INFO HostContext] Well known directory 'Bin': '/Users/gauth/Library/Mobile Documents/com~apple~CloudDocs/Administratif/Professionnel/HashiCorp/Technologies/1. Products/Vault/Demos/Github_Actions/vault-guides/ecosystem/vault-github-action/Actions/actions-runner/bin'
[2022-06-16 14:45:55Z INFO HostContext] Well known directory 'Root': '/Users/gauth/Library/Mobile Documents/com~apple~CloudDocs/Administratif/Professionnel/HashiCorp/Technologies/1. Products/Vault/Demos/Github_Actions/vault-guides/ecosystem/vault-github-action/Actions/actions-runner'
[2022-06-16 14:45:55Z INFO Listener] Validating directory permissions for: '/Users/gauth/Library/Mobile Documents/com~apple~CloudDocs/Administratif/Professionnel/HashiCorp/Technologies/1. Products/Vault/Demos/Github_Actions/vault-guides/ecosystem/vault-github-action/Actions/actions-runner'
[2022-06-16 14:45:55Z INFO CommandLineParser] Parse
[2022-06-16 14:45:55Z INFO CommandLineParser] Parsing 1 args
[2022-06-16 14:45:55Z INFO CommandLineParser] parsing argument
[2022-06-16 14:45:55Z INFO CommandLineParser] HasArgs: False
[2022-06-16 14:45:55Z INFO CommandLineParser] Adding Command: run
[2022-06-16 14:45:55Z INFO Listener] Arguments parsed
[2022-06-16 14:45:55Z INFO Runner] ExecuteCommand
[2022-06-16 14:45:55Z INFO ConfigurationStore] currentAssemblyLocation: /Users/gauth/Library/Mobile Documents/com~apple~CloudDocs/Administratif/Professionnel/HashiCorp/Technologies/1. Products/Vault/Demos/Github_Actions/vault-guides/ecosystem/vault-github-action/Actions/actions-runner/bin/Runner.Listener.dll
[2022-06-16 14:45:55Z INFO HostContext] Well known directory 'Bin': '/Users/gauth/Library/Mobile Documents/com~apple~CloudDocs/Administratif/Professionnel/HashiCorp/Technologies/1. Products/Vault/Demos/Github_Actions/vault-guides/ecosystem/vault-github-action/Actions/actions-runner/bin'
[2022-06-16 14:45:55Z INFO ConfigurationStore] binPath: /Users/gauth/Library/Mobile Documents/com~apple~CloudDocs/Administratif/Professionnel/HashiCorp/Technologies/1. Products/Vault/Demos/Github_Actions/vault-guides/ecosystem/vault-github-action/Actions/actions-runner/bin
[2022-06-16 14:45:55Z INFO HostContext] Well known directory 'Bin': '/Users/gauth/Library/Mobile Documents/com~apple~CloudDocs/Administratif/Professionnel/HashiCorp/Technologies/1. Products/Vault/Demos/Github_Actions/vault-guides/ecosystem/vault-github-action/Actions/actions-runner/bin'
[2022-06-16 14:45:55Z INFO HostContext] Well known directory 'Root': '/Users/gauth/Library/Mobile Documents/com~apple~CloudDocs/Administratif/Professionnel/HashiCorp/Technologies/1. Products/Vault/Demos/Github_Actions/vault-guides/ecosystem/vault-github-action/Actions/actions-runner'
[2022-06-16 14:45:55Z INFO ConfigurationStore] RootFolder: /Users/gauth/Library/Mobile Documents/com~apple~CloudDocs/Administratif/Professionnel/HashiCorp/Technologies/1. Products/Vault/Demos/Github_Actions/vault-guides/ecosystem/vault-github-action/Actions/actions-runner
[2022-06-16 14:45:55Z INFO HostContext] Well known directory 'Bin': '/Users/gauth/Library/Mobile Documents/com~apple~CloudDocs/Administratif/Professionnel/HashiCorp/Technologies/1. Products/Vault/Demos/Github_Actions/vault-guides/ecosystem/vault-github-action/Actions/actions-runner/bin'
[2022-06-16 14:45:55Z INFO HostContext] Well known directory 'Root': '/Users/gauth/Library/Mobile Documents/com~apple~CloudDocs/Administratif/Professionnel/HashiCorp/Technologies/1. Products/Vault/Demos/Github_Actions/vault-guides/ecosystem/vault-github-action/Actions/actions-runner'
[2022-06-16 14:45:55Z INFO HostContext] Well known config file 'Runner': '/Users/gauth/Library/Mobile Documents/com~apple~CloudDocs/Administratif/Professionnel/HashiCorp/Technologies/1. Products/Vault/Demos/Github_Actions/vault-guides/ecosystem/vault-github-action/Actions/actions-runner/.runner'
[2022-06-16 14:45:55Z INFO ConfigurationStore] ConfigFilePath: /Users/gauth/Library/Mobile Documents/com~apple~CloudDocs/Administratif/Professionnel/HashiCorp/Technologies/1. Products/Vault/Demos/Github_Actions/vault-guides/ecosystem/vault-github-action/Actions/actions-runner/.runner
[2022-06-16 14:45:55Z INFO HostContext] Well known directory 'Bin': '/Users/gauth/Library/Mobile Documents/com~apple~CloudDocs/Administratif/Professionnel/HashiCorp/Technologies/1. Products/Vault/Demos/Github_Actions/vault-guides/ecosystem/vault-github-action/Actions/actions-runner/bin'
[2022-06-16 14:45:55Z INFO HostContext] Well known directory 'Root': '/Users/gauth/Library/Mobile Documents/com~apple~CloudDocs/Administratif/Professionnel/HashiCorp/Technologies/1. Products/Vault/Demos/Github_Actions/vault-guides/ecosystem/vault-github-action/Actions/actions-runner'
[2022-06-16 14:45:55Z INFO HostContext] Well known config file 'Credentials': '/Users/gauth/Library/Mobile Documents/com~apple~CloudDocs/Administratif/Professionnel/HashiCorp/Technologies/1. Products/Vault/Demos/Github_Actions/vault-guides/ecosystem/vault-github-action/Actions/actions-runner/.credentials'
[2022-06-16 14:45:55Z INFO ConfigurationStore] CredFilePath: /Users/gauth/Library/Mobile Documents/com~apple~CloudDocs/Administratif/Professionnel/HashiCorp/Technologies/1. Products/Vault/Demos/Github_Actions/vault-guides/ecosystem/vault-github-action/Actions/actions-runner/.credentials
[2022-06-16 14:45:55Z INFO HostContext] Well known directory 'Bin': '/Users/gauth/Library/Mobile Documents/com~apple~CloudDocs/Administratif/Professionnel/HashiCorp/Technologies/1. Products/Vault/Demos/Github_Actions/vault-guides/ecosystem/vault-github-action/Actions/actions-runner/bin'
[2022-06-16 14:45:55Z INFO HostContext] Well known directory 'Root': '/Users/gauth/Library/Mobile Documents/com~apple~CloudDocs/Administratif/Professionnel/HashiCorp/Technologies/1. Products/Vault/Demos/Github_Actions/vault-guides/ecosystem/vault-github-action/Actions/actions-runner'
[2022-06-16 14:45:55Z INFO HostContext] Well known config file 'MigratedCredentials': '/Users/gauth/Library/Mobile Documents/com~apple~CloudDocs/Administratif/Professionnel/HashiCorp/Technologies/1. Products/Vault/Demos/Github_Actions/vault-guides/ecosystem/vault-github-action/Actions/actions-runner/.credentials_migrated'
[2022-06-16 14:45:55Z INFO ConfigurationStore] MigratedCredFilePath: /Users/gauth/Library/Mobile Documents/com~apple~CloudDocs/Administratif/Professionnel/HashiCorp/Technologies/1. Products/Vault/Demos/Github_Actions/vault-guides/ecosystem/vault-github-action/Actions/actions-runner/.credentials_migrated
[2022-06-16 14:45:55Z INFO HostContext] Well known directory 'Bin': '/Users/gauth/Library/Mobile Documents/com~apple~CloudDocs/Administratif/Professionnel/HashiCorp/Technologies/1. Products/Vault/Demos/Github_Actions/vault-guides/ecosystem/vault-github-action/Actions/actions-runner/bin'
[2022-06-16 14:45:55Z INFO HostContext] Well known directory 'Root': '/Users/gauth/Library/Mobile Documents/com~apple~CloudDocs/Administratif/Professionnel/HashiCorp/Technologies/1. Products/Vault/Demos/Github_Actions/vault-guides/ecosystem/vault-github-action/Actions/actions-runner'
[2022-06-16 14:45:55Z INFO HostContext] Well known config file 'Service': '/Users/gauth/Library/Mobile Documents/com~apple~CloudDocs/Administratif/Professionnel/HashiCorp/Technologies/1. Products/Vault/Demos/Github_Actions/vault-guides/ecosystem/vault-github-action/Actions/actions-runner/.service'
[2022-06-16 14:45:55Z INFO ConfigurationStore] ServiceConfigFilePath: /Users/gauth/Library/Mobile Documents/com~apple~CloudDocs/Administratif/Professionnel/HashiCorp/Technologies/1. Products/Vault/Demos/Github_Actions/vault-guides/ecosystem/vault-github-action/Actions/actions-runner/.service
[2022-06-16 14:45:55Z INFO CommandSettings] Flag 'help': 'False'
[2022-06-16 14:45:55Z INFO CommandSettings] Flag 'version': 'False'
[2022-06-16 14:45:55Z INFO CommandSettings] Flag 'commit': 'False'
[2022-06-16 14:45:55Z INFO CommandSettings] Flag 'check': 'False'
[2022-06-16 14:45:55Z INFO CommandSettings] Command 'configure': 'False'
[2022-06-16 14:45:55Z INFO CommandSettings] Command 'remove': 'False'
[2022-06-16 14:45:55Z INFO CommandSettings] Command 'warmup': 'False'
[2022-06-16 14:45:55Z INFO ConfigurationManager] LoadSettings
[2022-06-16 14:45:55Z INFO ConfigurationStore] IsConfigured()
[2022-06-16 14:45:55Z INFO ConfigurationStore] IsConfigured: True
[2022-06-16 14:45:55Z INFO ConfigurationManager] Is configured: True
[2022-06-16 14:45:55Z INFO ConfigurationStore] Read setting file: 314 chars
[2022-06-16 14:45:55Z INFO ConfigurationManager] Settings Loaded
[2022-06-16 14:45:55Z INFO ConfigurationStore] IsServiceConfigured()
[2022-06-16 14:45:55Z INFO ConfigurationStore] IsServiceConfigured: False
[2022-06-16 14:45:55Z INFO CommandSettings] Command 'run': 'True'
[2022-06-16 14:45:55Z INFO ConfigurationStore] IsConfigured()
[2022-06-16 14:45:55Z INFO ConfigurationStore] IsConfigured: True
[2022-06-16 14:45:55Z INFO ConfigurationManager] Is configured: True
[2022-06-16 14:45:55Z INFO Runner] Could not parse the argument value '' for StartupType. Defaulting to Manual
[2022-06-16 14:45:55Z INFO Runner] Set runner startup type - Manual
[2022-06-16 14:45:55Z INFO CommandSettings] Flag 'once': 'False'
[2022-06-16 14:45:55Z INFO CommandSettings] Flag 'once': 'False'
[2022-06-16 14:45:55Z INFO Runner] RunAsync
[2022-06-16 14:45:55Z INFO ConfigurationManager] LoadSettings
[2022-06-16 14:45:55Z INFO ConfigurationStore] IsConfigured()
[2022-06-16 14:45:55Z INFO ConfigurationStore] IsConfigured: True
[2022-06-16 14:45:55Z INFO ConfigurationManager] Is configured: True
[2022-06-16 14:45:55Z INFO ConfigurationManager] Settings Loaded
[2022-06-16 14:45:55Z INFO MessageListener] {
  "AgentId": 2,
  "AgentName": "runner-vault-workshop",
  "PoolId": 1,
  "PoolName": "Default",
  "ServerUrl": "https://pipelines.actions.githubusercontent.com/TSXaYDnalfoCHMdZYus5O7MCskS2s4sVpcvniGxau0L6tswXwc",
  "GitHubUrl": "https://github.com/skulblaka24/vault-demo-githubactions",
  "WorkFolder": "_work"
}
[2022-06-16 14:45:55Z INFO MessageListener] Loading Credentials
[2022-06-16 14:45:55Z INFO ConfigurationStore] HasCredentials()
[2022-06-16 14:45:55Z INFO ConfigurationStore] stored True
[2022-06-16 14:45:55Z INFO CredentialManager] GetCredentialProvider
[2022-06-16 14:45:55Z INFO CredentialManager] Creating type OAuth
[2022-06-16 14:45:55Z INFO CredentialManager] Creating credential type: OAuth
[2022-06-16 14:45:55Z INFO HostContext] Well known directory 'Bin': '/Users/gauth/Library/Mobile Documents/com~apple~CloudDocs/Administratif/Professionnel/HashiCorp/Technologies/1. Products/Vault/Demos/Github_Actions/vault-guides/ecosystem/vault-github-action/Actions/actions-runner/bin'
[2022-06-16 14:45:55Z INFO HostContext] Well known directory 'Root': '/Users/gauth/Library/Mobile Documents/com~apple~CloudDocs/Administratif/Professionnel/HashiCorp/Technologies/1. Products/Vault/Demos/Github_Actions/vault-guides/ecosystem/vault-github-action/Actions/actions-runner'
[2022-06-16 14:45:55Z INFO HostContext] Well known config file 'RSACredentials': '/Users/gauth/Library/Mobile Documents/com~apple~CloudDocs/Administratif/Professionnel/HashiCorp/Technologies/1. Products/Vault/Demos/Github_Actions/vault-guides/ecosystem/vault-github-action/Actions/actions-runner/.credentials_rsaparams'
[2022-06-16 14:45:55Z INFO RSAFileKeyManager] Loading RSA key parameters from file /Users/gauth/Library/Mobile Documents/com~apple~CloudDocs/Administratif/Professionnel/HashiCorp/Technologies/1. Products/Vault/Demos/Github_Actions/vault-guides/ecosystem/vault-github-action/Actions/actions-runner/.credentials_rsaparams
[2022-06-16 14:45:55Z INFO MessageListener] Attempt to create session.
[2022-06-16 14:45:55Z INFO MessageListener] Connecting to the Runner Server...
[2022-06-16 14:45:55Z INFO RunnerServer] Establish connection with 100 seconds timeout.
[2022-06-16 14:45:55Z INFO GitHubActionsService] Starting operation Location.GetConnectionData
[2022-06-16 14:45:55Z INFO RunnerServer] Establish connection with 60 seconds timeout.
[2022-06-16 14:45:55Z INFO GitHubActionsService] Starting operation Location.GetConnectionData
[2022-06-16 14:45:55Z INFO RunnerServer] Establish connection with 60 seconds timeout.
[2022-06-16 14:45:55Z INFO GitHubActionsService] Starting operation Location.GetConnectionData
[2022-06-16 14:45:56Z INFO GitHubActionsService] Finished operation Location.GetConnectionData
[2022-06-16 14:45:56Z INFO GitHubActionsService] Finished operation Location.GetConnectionData
[2022-06-16 14:45:56Z INFO GitHubActionsService] Finished operation Location.GetConnectionData
[2022-06-16 14:45:56Z INFO MessageListener] VssConnection created
[2022-06-16 14:45:56Z INFO Terminal] WRITE LINE: 
[2022-06-16 14:45:56Z INFO Terminal] WRITE LINE: 
[2022-06-16 14:45:56Z WARN GitHubActionsService] Authentication failed with status code 401.
Transfer-Encoding: chunked
WWW-Authenticate: Bearer
Strict-Transport-Security: max-age=2592000
X-TFS-ProcessId: e7ead27e-90d2-428c-aef6-c028f95ab562
ActivityId: 73341d98-287f-45b3-a745-0380f945efd4
X-TFS-Session: a70cac98-4d9f-4ba5-b506-47a8282df12e
X-VSS-E2EID: be085fbb-47b2-4385-9218-c71fbe0fb85b
X-VSS-SenderDeploymentId: fc1cfc90-fc40-edcb-6d0f-3b1380ee7b68
X-TFS-ServiceError: The+user+%27System%3aPublicAccess%3baaaaaaaa-aaaa-aaaa-aaaa-aaaaaaaaaaaa%27+is+not+authorized+to+access+this+resource.
X-VSS-S2STargetService: 0000005A-0000-8888-8000-000000000000/visualstudio.com
X-Cache: CONFIG_NOCACHE
X-MSEdge-Ref: Ref A: 9EA23C9255F74974B862AB5D47859ED9 Ref B: PAR02EDGE0917 Ref C: 2022-06-16T14:45:56Z
Date: Thu, 16 Jun 2022 14:45:56 GMT

[2022-06-16 14:45:56Z INFO RSAFileKeyManager] Loading RSA key parameters from file /Users/gauth/Library/Mobile Documents/com~apple~CloudDocs/Administratif/Professionnel/HashiCorp/Technologies/1. Products/Vault/Demos/Github_Actions/vault-guides/ecosystem/vault-github-action/Actions/actions-runner/.credentials_rsaparams
[2022-06-16 14:45:56Z INFO RSAFileKeyManager] Loading RSA key parameters from file /Users/gauth/Library/Mobile Documents/com~apple~CloudDocs/Administratif/Professionnel/HashiCorp/Technologies/1. Products/Vault/Demos/Github_Actions/vault-guides/ecosystem/vault-github-action/Actions/actions-runner/.credentials_rsaparams
[2022-06-16 14:45:57Z INFO GitHubActionsService] AAD Correlation ID for this token request: Unknown
[2022-06-16 14:45:57Z INFO MessageListener] Session created.
[2022-06-16 14:45:57Z INFO Terminal] WRITE LINE: Current runner version: '2.293.0'
[2022-06-16 14:45:57Z INFO Terminal] WRITE LINE: 2022-06-16 14:45:57Z: Listening for Jobs
[2022-06-16 14:45:57Z INFO JobDispatcher] Set runner/worker IPC timeout to 30 seconds.
